<?xml version="1.0" encoding="utf-8"?><testsuites name="pytest tests"><testsuite name="pytest" errors="0" failures="0" skipped="0" tests="26" time="2.400" timestamp="2026-06-24T06:53:52.991519+00:00" hostname="agent-env-b84a7ca9-8ed6-47c2-af8d-23878eb48abd"><testcase classname="backend.tests.test_doggy_breeding_api.TestRoot" name="test_root_version" time="0.190" /><testcase classname="backend.tests.test_doggy_breeding_api.TestAuth" name="test_google_auth_creates_user" time="0.054" /><testcase classname="backend.tests.test_doggy_breeding_api.TestAuth" name="test_google_auth_idempotent" time="0.091" /><testcase classname="backend.tests.test_doggy_breeding_api.TestAuth" name="test_google_auth_requires_id" time="0.045" /><testcase classname="backend.tests.test_doggy_breeding_api.TestUsers" name="test_create_and_get" time="0.093" /><testcase classname="backend.tests.test_doggy_breeding_api.TestUsers" name="test_update_user" time="0.137" /><testcase classname="backend.tests.test_doggy_breeding_api.TestUsers" name="test_get_user_not_found" time="0.047" /><testcase classname="backend.tests.test_doggy_breeding_api.TestDogs" name="test_create_and_list" time="0.150" /><testcase classname="backend.tests.test_doggy_breeding_api.TestCytology" name="test_stages[inputs0-ESTRUS]" time="0.050" /><testcase classname="backend.tests.test_doggy_breeding_api.TestCytology" name="test_stages[inputs1-LATE_PROESTRUS]" time="0.044" /><testcase classname="backend.tests.test_doggy_breeding_api.TestCytology" name="test_stages[inputs2-MID_PROESTRUS]" time="0.043" /><testcase classname="backend.tests.test_doggy_breeding_api.TestCytology" name="test_stages[inputs3-EARLY_PROESTRUS]" time="0.044" /><testcase classname="backend.tests.test_doggy_breeding_api.TestCytology" name="test_stages[inputs4-ANESTRUS]" time="0.045" /><testcase classname="backend.tests.test_doggy_breeding_api.TestCytology" name="test_stages[inputs5-DIESTRUS]" time="0.046" /><testcase classname="backend.tests.test_doggy_breeding_api.TestCytology" name="test_total_not_100" time="0.046" /><testcase classname="backend.tests.test_doggy_breeding_api.TestProgesterone" name="test_ranges[0.2-ANESTRUS]" time="0.046" /><testcase classname="backend.tests.test_doggy_breeding_api.TestProgesterone" name="test_ranges[0.8-EARLY_PROESTRUS]" time="0.045" /><testcase classname="backend.tests.test_doggy_breeding_api.TestProgesterone" name="test_ranges[1.5-LATE_PROESTRUS]" time="0.048" /><testcase classname="backend.tests.test_doggy_breeding_api.TestProgesterone" name="test_ranges[3.0-ESTRUS]" time="0.045" /><testcase classname="backend.tests.test_doggy_breeding_api.TestProgesterone" name="test_ranges[10.0-ESTRUS_OVULATION]" time="0.047" /><testcase classname="backend.tests.test_doggy_breeding_api.TestProgesterone" name="test_ranges[25.0-DIESTRUS]" time="0.046" /><testcase classname="backend.tests.test_doggy_breeding_api.TestEvaluations" name="test_create_search_get_delete" time="0.333" /><testcase classname="backend.tests.test_doggy_breeding_api.TestStats" name="test_stats_aggregation" time="0.422" /><testcase classname="backend.tests.test_doggy_breeding_api.TestFeedback" name="test_feedback" time="0.066" /><testcase classname="backend.tests.test_doggy_breeding_api.TestCombined" name="test_combined_higher_confidence_wins" time="0.045" /><testcase classname="backend.tests.test_doggy_breeding_api.TestCombined" name="test_combined_requires_input" time="0.045" /></testsuite></testsuites>