<?xml version="1.0" encoding="utf-8"?><testsuites name="pytest tests"><testsuite name="pytest" errors="0" failures="0" skipped="0" tests="5" time="0.505" timestamp="2026-06-24T17:29:09.267107+00:00" hostname="agent-env-b84a7ca9-8ed6-47c2-af8d-23878eb48abd"><testcase classname="backend.tests.test_doggy_breeding_api.TestRoot" name="test_root_version" time="0.165" /><testcase classname="backend.tests.test_doggy_breeding_api.TestAuth" name="test_google_auth_creates_user" time="0.049" /><testcase classname="backend.tests.test_doggy_breeding_api.TestAuth" name="test_google_auth_idempotent" time="0.086" /><testcase classname="backend.tests.test_doggy_breeding_api.TestAuth" name="test_google_auth_requires_id" time="0.044" /><testcase classname="backend.tests.test_doggy_breeding_api.TestCytology" name="test_stages[inputs0-ESTRUS]" time="0.046" /></testsuite></testsuites>